<?xml version="1.0" encoding="UTF-8"?>
<!-- Generated by org.testng.reporters.JUnitReportReporter -->
<testsuite hostname="DESKTOP-NMES7OQ" failures="0" tests="2" name="TestNG_Practice.NewTest" time="0.014" errors="0" timestamp="2022-07-15T14:45:10 IST" skipped="0">
  <testcase classname="TestNG_Practice.NewTest" name="sendMail" time="0.001"/>
  <system-out/>
  <testcase classname="TestNG_Practice.NewTest" name="receiveMail" time="0.013"/>
  <system-out/>
</testsuite> <!-- TestNG_Practice.NewTest -->
