<?xml version="1.0" encoding="UTF-8"?>
<!-- Generated by org.testng.reporters.JUnitReportReporter -->
<testsuite hostname="DESKTOP-NMES7OQ" failures="0" tests="2" name="TestNG_Practice.Test2_Before_After_Method" time="0.020" errors="0" timestamp="2022-07-15T20:01:25 IST" skipped="0">
  <testcase classname="TestNG_Practice.Test2_Before_After_Method" name="sendMail" time="0.011"/>
  <system-out/>
  <testcase classname="TestNG_Practice.Test2_Before_After_Method" name="receiveMail" time="0.009"/>
  <system-out/>
</testsuite> <!-- TestNG_Practice.Test2_Before_After_Method -->
