<?xml version="1.0" encoding="UTF-8"?>
<!-- Generated by org.testng.reporters.JUnitReportReporter -->
<testsuite hostname="DESKTOP-NMES7OQ" failures="0" tests="2" name="TestNG_Practice.CongoSequence" time="0.014" errors="0" timestamp="2023-02-10T13:03:33 IST" skipped="0">
  <testcase classname="TestNG_Practice.CongoSequence" name="secondOne" time="0.010"/>
  <system-out/>
  <testcase classname="TestNG_Practice.CongoSequence" name="thirdOne" time="0.004"/>
  <system-out/>
</testsuite> <!-- TestNG_Practice.CongoSequence -->
