<?xml version="1.0" encoding="UTF-8"?>
<!-- Generated by org.testng.reporters.JUnitReportReporter -->
<testsuite hostname="DESKTOP-NMES7OQ" failures="0" tests="2" name="TestNG_Practice.Test1" time="0.014" errors="0" timestamp="2022-07-15T19:59:16 IST" skipped="0">
  <testcase classname="TestNG_Practice.Test1" name="sendMail" time="0.012"/>
  <system-out/>
  <testcase classname="TestNG_Practice.Test1" name="receiveMail" time="0.002"/>
  <system-out/>
</testsuite> <!-- TestNG_Practice.Test1 -->
