<?xml version="1.0" encoding="UTF-8"?>
<!-- Generated by org.testng.reporters.JUnitReportReporter -->
<testsuite hostname="DESKTOP-NMES7OQ" failures="0" tests="2" name="TestNG_Practice.All_Annotations" time="0.017" errors="0" timestamp="2023-02-10T13:01:46 IST" skipped="0">
  <testcase classname="TestNG_Practice.All_Annotations" name="sendMail" time="0.013"/>
  <system-out/>
  <testcase classname="TestNG_Practice.All_Annotations" name="receiveMail" time="0.004"/>
  <system-out/>
</testsuite> <!-- TestNG_Practice.All_Annotations -->
